This is TeX, Version 3.141592 (Web2C 7.5.4) (format=tex 2011.4.30)  31 AUG 2011 13:05
**atbegshi.dtx
(./atbegshi.dtx (/sw/share/texmf-dist/tex/latex/base/docstrip.tex
\blockLevel=\count26
\emptyLines=\count27
\processedLines=\count28
\commentsRemoved=\count29
\commentsPassed=\count30
\codeLinesPassed=\count31
\TotalprocessedLines=\count32
\TotalcommentsRemoved=\count33
\TotalcommentsPassed=\count34
\TotalcodeLinesPassed=\count35
\NumberOfFiles=\count36
\inFile=\read0
\inputcheck=\read1
\@tempcnta=\count37
\off@0=\count38
\off@1=\count39
\off@2=\count40
\off@3=\count41
\off@4=\count42
\off@5=\count43
\off@6=\count44
\off@7=\count45
\off@8=\count46
\off@9=\count47
\off@10=\count48
\off@11=\count49
\off@12=\count50
\off@13=\count51
\off@14=\count52
\off@15=\count53
\@temptokena=\toks12
\@maxfiles=\count54
\@maxoutfiles=\count55

Utility: `docstrip' 2.5c <2003/09/18>
English documentation    <1999/03/31>

**********************************************************
* This program converts documented macro-files into fast *
* loadable files by stripping off (nearly) all comments! *
**********************************************************

********************************************************
* No Configuration file found, using default settings. *
********************************************************

)
************************************************************************
* Installation
* Package: atbegshi 2011/01/30 v1.15 At begin shipout hook (HO)
************************************************************************

Generating file(s) atbegshi.ins atbegshi.drv atbegshi.sty atbegshi-example1.tex
 atbegshi-example2.tex atbegshi-test1.tex atbegshi-test2.tex atbegshi-test3.tex
 
\openout0 = `atbegshi.ins'.

\openout1 = `atbegshi.drv'.

\openout2 = `atbegshi.sty'.

\openout3 = `atbegshi-example1.tex'.

\openout4 = `atbegshi-example2.tex'.

\openout5 = `atbegshi-test1.tex'.

\openout6 = `atbegshi-test2.tex'.

\openout7 = `atbegshi-test3.tex'.


Processing file atbegshi.dtx (install) -> atbegshi.ins
                             (driver) -> atbegshi.drv
                             (package) -> atbegshi.sty
                             (example1) -> atbegshi-example1.tex
                             (example2) -> atbegshi-example2.tex
                             (test1) -> atbegshi-test1.tex
                             (test2) -> atbegshi-test2.tex
                             (test3) -> atbegshi-test3.tex
File atbegshi.dtx ended by \endinput.
Lines  processed: 2156
Comments removed: 1098
Comments  passed: 0
Codelines passed: 1038

************************************************************************
*
* To finish the installation you have to move the following
* file into a directory searched by TeX:
*
*     atbegshi.sty
*
* To produce the documentation run the file `atbegshi.drv'
* through LaTeX.
*
* Happy TeXing!
*
************************************************************************
 )
No pages of output.
