This is pdfTeX, Version 3.14159265-2.6-1.40.20 (TeX Live 2019/Debian) (preloaded format=pdflatex 2022.3.17)  25 APR 2023 13:02
entering extended mode
 restricted \write18 enabled.
 %&-line parsing enabled.
**guias.tex
(./guias.tex
LaTeX2e <2020-02-02> patch level 2
L3 programming layer <2020-02-14>
(/usr/share/texlive/texmf-dist/tex/latex/base/book.cls
Document Class: book 2019/12/20 v1.4l Standard LaTeX document class
(/usr/share/texlive/texmf-dist/tex/latex/base/bk11.clo
File: bk11.clo 2019/12/20 v1.4l Standard LaTeX file (size option)
)
\c@part=\count167
\c@chapter=\count168
\c@section=\count169
\c@subsection=\count170
\c@subsubsection=\count171
\c@paragraph=\count172
\c@subparagraph=\count173
\c@figure=\count174
\c@table=\count175
\abovecaptionskip=\skip47
\belowcaptionskip=\skip48
\bibindent=\dimen134
) (./fullpage.sty
Package: fullpage 1999/02/23 1.1 (PWD)
\FP@margin=\skip49
)
(/usr/share/texlive/texmf-dist/tex/latex/base/inputenc.sty
Package: inputenc 2018/08/11 v1.3c Input encoding file
\inpenc@prehook=\toks14
\inpenc@posthook=\toks15
)
(/usr/share/texlive/texmf-dist/tex/generic/babel/babel.sty
Package: babel 2020/02/14 3.40 The Babel package

(/usr/share/texlive/texmf-dist/tex/generic/babel/switch.def
File: switch.def 2020/02/14 3.40 Babel switching mechanism
)
(/usr/share/texlive/texmf-dist/tex/generic/babel-spanish/spanish.ldf
Language: spanish.ldf 2016/03/03 v5.0p Spanish support from the babel system

(/usr/share/texlive/texmf-dist/tex/generic/babel/babel.def
File: babel.def 2020/02/14 3.40 Babel common definitions
\babel@savecnt=\count176
\U@D=\dimen135

(/usr/share/texlive/texmf-dist/tex/generic/babel/txtbabel.def)
\bbl@readstream=\read2
\bbl@dirlevel=\count177
)
\es@quottoks=\toks16
\es@quotdepth=\count178
Package babel Info: Making " an active character on input line 561.
Package babel Info: Making . an active character on input line 662.
Package babel Info: Making < an active character on input line 707.
Package babel Info: Making > an active character on input line 707.
))
(/usr/share/texlive/texmf-dist/tex/latex/graphics/graphicx.sty
Package: graphicx 2019/11/30 v1.2a Enhanced LaTeX Graphics (DPC,SPQR)

(/usr/share/texlive/texmf-dist/tex/latex/graphics/keyval.sty
Package: keyval 2014/10/28 v1.15 key=value parser (DPC)
\KV@toks@=\toks17
)
(/usr/share/texlive/texmf-dist/tex/latex/graphics/graphics.sty
Package: graphics 2019/11/30 v1.4a Standard LaTeX Graphics (DPC,SPQR)

(/usr/share/texlive/texmf-dist/tex/latex/graphics/trig.sty
Package: trig 2016/01/03 v1.10 sin cos tan (DPC)
)
(/usr/share/texlive/texmf-dist/tex/latex/graphics-cfg/graphics.cfg
File: graphics.cfg 2016/06/04 v1.11 sample graphics configuration
)
Package graphics Info: Driver file: pdftex.def on input line 105.

(/usr/share/texlive/texmf-dist/tex/latex/graphics-def/pdftex.def
File: pdftex.def 2018/01/08 v1.0l Graphics/color driver for pdftex
))
\Gin@req@height=\dimen136
\Gin@req@width=\dimen137
)
(/usr/share/texlive/texmf-dist/tex/latex/natbib/natbib.sty
Package: natbib 2010/09/13 8.31b (PWD, AO)
\bibhang=\skip50
\bibsep=\skip51
LaTeX Info: Redefining \cite on input line 694.
\c@NAT@ctr=\count179
) (./setspace.sty
Package: setspace 2000/12/01 6.7 Contributed and Supported LaTeX2e package

Package: `setspace' 6.7 <2000/12/01>
) (./pdfpages.sty
Package: pdfpages 2010/08/08 v0.4k Insert pages of external PDF documents (AM)
 (/usr/share/texlive/texmf-dist/tex/latex/base/ifthen.sty
Package: ifthen 2014/09/29 v1.1c Standard LaTeX ifthen package (DPC)
)
(/usr/share/texlive/texmf-dist/tex/latex/tools/calc.sty
Package: calc 2017/05/25 v4.3 Infix arithmetic (KKT,FJ)
\calc@Acount=\count180
\calc@Bcount=\count181
\calc@Adimen=\dimen138
\calc@Bdimen=\dimen139
\calc@Askip=\skip52
\calc@Bskip=\skip53
LaTeX Info: Redefining \setlength on input line 80.
LaTeX Info: Redefining \addtolength on input line 81.
\calc@Ccount=\count182
\calc@Cskip=\skip54
) (./eso-pic.sty
Package: eso-pic 2010/06/08 v2.0b eso-pic (RN)

(./atbegshi.sty
Package: atbegshi 2011/01/30 v1.15 At begin shipout hook (HO)
 (./infwarerr.sty
Package: infwarerr 2010/04/08 v1.3 Providing info/warning/message (HO)
)
(/usr/share/texlive/texmf-dist/tex/generic/ltxcmds/ltxcmds.sty
Package: ltxcmds 2019/12/15 v1.24 LaTeX kernel commands for general use (HO)
)
(/usr/share/texlive/texmf-dist/tex/generic/iftex/ifpdf.sty
Package: ifpdf 2019/10/25 v3.4 ifpdf legacy package. Use iftex instead.

(/usr/share/texlive/texmf-dist/tex/generic/iftex/iftex.sty
Package: iftex 2019/11/07 v1.0c TeX engine tests
)))
(/usr/share/texlive/texmf-dist/tex/latex/xcolor/xcolor.sty
Package: xcolor 2016/05/11 v2.12 LaTeX color extensions (UK)

(/usr/share/texlive/texmf-dist/tex/latex/graphics-cfg/color.cfg
File: color.cfg 2016/01/02 v1.6 sample color configuration
)
Package xcolor Info: Driver file: pdftex.def on input line 225.
Package xcolor Info: Model `cmy' substituted by `cmy0' on input line 1348.
Package xcolor Info: Model `hsb' substituted by `rgb' on input line 1352.
Package xcolor Info: Model `RGB' extended on input line 1364.
Package xcolor Info: Model `HTML' substituted by `rgb' on input line 1366.
Package xcolor Info: Model `Hsb' substituted by `hsb' on input line 1367.
Package xcolor Info: Model `tHsb' substituted by `hsb' on input line 1368.
Package xcolor Info: Model `HSB' substituted by `hsb' on input line 1369.
Package xcolor Info: Model `Gray' substituted by `gray' on input line 1370.
Package xcolor Info: Model `wave' substituted by `hsb' on input line 1371.
))
(./pppdftex.def
File: pppdftex.def 2010/08/08 v0.4k Pdfpages driver for pdfTeX (AM)
)
\AM@pagebox=\box45
\AM@toc@title=\toks18
\c@AM@survey=\count183
\AM@templatesizebox=\box46
) (./appendix.sty
Package: appendix 2009/09/02 v1.2b extra appendix facilities
\c@@pps=\count184
\c@@ppsavesec=\count185
\c@@ppsaveapp=\count186
)
(/usr/share/texlive/texmf-dist/tex/latex/hyperref/hyperref.sty
Package: hyperref 2020/01/14 v7.00d Hypertext links for LaTeX

(/usr/share/texlive/texmf-dist/tex/latex/pdftexcmds/pdftexcmds.sty
Package: pdftexcmds 2019/11/24 v0.31 Utility functions of pdfTeX for LuaTeX (HO
)
Package pdftexcmds Info: \pdf@primitive is available.
Package pdftexcmds Info: \pdf@ifprimitive is available.
Package pdftexcmds Info: \pdfdraftmode found.
)
(/usr/share/texlive/texmf-dist/tex/generic/kvsetkeys/kvsetkeys.sty
Package: kvsetkeys 2019/12/15 v1.18 Key value parser (HO)
)
(/usr/share/texlive/texmf-dist/tex/generic/kvdefinekeys/kvdefinekeys.sty
Package: kvdefinekeys 2019-12-19 v1.6 Define keys (HO)
)
(/usr/share/texlive/texmf-dist/tex/generic/pdfescape/pdfescape.sty
Package: pdfescape 2019/12/09 v1.15 Implements pdfTeX's escape features (HO)
)
(/usr/share/texlive/texmf-dist/tex/latex/hycolor/hycolor.sty
Package: hycolor 2020-01-27 v1.10 Color options for hyperref/bookmark (HO)
)
(/usr/share/texlive/texmf-dist/tex/latex/letltxmacro/letltxmacro.sty
Package: letltxmacro 2019/12/03 v1.6 Let assignment for LaTeX macros (HO)
)
(/usr/share/texlive/texmf-dist/tex/latex/auxhook/auxhook.sty
Package: auxhook 2019-12-17 v1.6 Hooks for auxiliary files (HO)
)
(/usr/share/texlive/texmf-dist/tex/latex/kvoptions/kvoptions.sty
Package: kvoptions 2019/11/29 v3.13 Key value format for package options (HO)
)
\@linkdim=\dimen140
\Hy@linkcounter=\count187
\Hy@pagecounter=\count188

(/usr/share/texlive/texmf-dist/tex/latex/hyperref/pd1enc.def
File: pd1enc.def 2020/01/14 v7.00d Hyperref: PDFDocEncoding definition (HO)
Now handling font encoding PD1 ...
... no UTF-8 mapping file for font encoding PD1
)
(/usr/share/texlive/texmf-dist/tex/generic/intcalc/intcalc.sty
Package: intcalc 2019/12/15 v1.3 Expandable calculations with integers (HO)
)
(/usr/share/texlive/texmf-dist/tex/generic/etexcmds/etexcmds.sty
Package: etexcmds 2019/12/15 v1.7 Avoid name clashes with e-TeX commands (HO)
)
\Hy@SavedSpaceFactor=\count189
\pdfmajorversion=\count190
Package hyperref Info: Option `colorlinks' set `false' on input line 4421.


Package hyperref Warning: Option `a4paper' is no longer used.

Package hyperref Info: Hyper figures OFF on input line 4547.
Package hyperref Info: Link nesting OFF on input line 4552.
Package hyperref Info: Hyper index ON on input line 4555.
Package hyperref Info: Plain pages OFF on input line 4562.
Package hyperref Info: Backreferencing OFF on input line 4567.
Package hyperref Info: Implicit mode ON; LaTeX internals redefined.
Package hyperref Info: Bookmarks ON on input line 4800.
\c@Hy@tempcnt=\count191
(/usr/share/texlive/texmf-dist/tex/latex/url/url.sty
\Urlmuskip=\muskip16
Package: url 2013/09/16  ver 3.4  Verb mode for urls, etc.
)
LaTeX Info: Redefining \url on input line 5159.
\XeTeXLinkMargin=\dimen141

(/usr/share/texlive/texmf-dist/tex/generic/bitset/bitset.sty
Package: bitset 2019/12/09 v1.3 Handle bit-vector datatype (HO)

(/usr/share/texlive/texmf-dist/tex/generic/bigintcalc/bigintcalc.sty
Package: bigintcalc 2019/12/15 v1.5 Expandable calculations on big integers (HO
)
))
\Fld@menulength=\count192
\Field@Width=\dimen142
\Fld@charsize=\dimen143
Package hyperref Info: Hyper figures OFF on input line 6430.
Package hyperref Info: Link nesting OFF on input line 6435.
Package hyperref Info: Hyper index ON on input line 6438.
Package hyperref Info: backreferencing OFF on input line 6445.
Package hyperref Info: Link coloring OFF on input line 6450.
Package hyperref Info: Link coloring with OCG OFF on input line 6455.
Package hyperref Info: PDF/A mode OFF on input line 6460.
LaTeX Info: Redefining \ref on input line 6500.
LaTeX Info: Redefining \pageref on input line 6504.
\Hy@abspage=\count193
\c@Item=\count194
\c@Hfootnote=\count195
)
Package hyperref Info: Driver (autodetected): hpdftex.

(/usr/share/texlive/texmf-dist/tex/latex/hyperref/hpdftex.def
File: hpdftex.def 2020/01/14 v7.00d Hyperref driver for pdfTeX

(/usr/share/texlive/texmf-dist/tex/latex/atveryend/atveryend.sty
Package: atveryend 2019-12-11 v1.11 Hooks at the very end of document (HO)
Package atveryend Info: \enddocument detected (standard20110627).
)
\Fld@listcount=\count196
\c@bookmark@seq@number=\count197

(/usr/share/texlive/texmf-dist/tex/latex/rerunfilecheck/rerunfilecheck.sty
Package: rerunfilecheck 2019/12/05 v1.9 Rerun checks for auxiliary files (HO)

(/usr/share/texlive/texmf-dist/tex/generic/uniquecounter/uniquecounter.sty
Package: uniquecounter 2019/12/15 v1.4 Provide unlimited unique counter (HO)
)
Package uniquecounter Info: New unique counter `rerunfilecheck' on input line 2
86.
)
\Hy@SectionHShift=\skip55
)
(./fancyvrb.sty
Package: fancyvrb 2008/02/07

Style option: `fancyvrb' v2.7a, with DG/SPQR fixes, and firstline=lastline fix 
<2008/02/07> (tvz)
\FV@CodeLineNo=\count198
\FV@InFile=\read3
\FV@TabBox=\box47
\c@FancyVerbLine=\count199
\FV@StepNumber=\count266
\FV@OutFile=\write3
) (./caption.sty
Package: caption 2010/01/09 v3.1m Customizing captions (AR)
 (./caption3.sty
Package: caption3 2010/01/14 v3.1m caption3 kernel (AR)
\captionmargin=\dimen144
\captionmargin@=\dimen145
\captionwidth=\dimen146
\caption@indent=\dimen147
\caption@parindent=\dimen148
\caption@hangindent=\dimen149
)
\c@ContinuedFloat=\count267
Package caption Info: hyperref package is loaded.
)
(/usr/share/texlive/texmf-dist/tex/latex/subfigure/subfigure.sty
Package: subfigure 2002/03/15 v2.1.5 subfigure package
\subfigtopskip=\skip56
\subfigcapskip=\skip57
\subfigcaptopadj=\dimen150
\subfigbottomskip=\skip58
\subfigcapmargin=\dimen151
\subfiglabelskip=\skip59
\c@subfigure=\count268
\c@lofdepth=\count269
\c@subtable=\count270
\c@lotdepth=\count271

****************************************
* Local config file subfigure.cfg used *
****************************************
(/usr/share/texlive/texmf-dist/tex/latex/subfigure/subfigure.cfg)
\subfig@top=\skip60
\subfig@bottom=\skip61
)
(/usr/share/texlive/texmf-dist/tex/latex/multirow/multirow.sty
Package: multirow 2019/05/31 v2.5 Span multiple rows of a table
\multirow@colwidth=\skip62
\multirow@cntb=\count272
\multirow@dima=\skip63
\bigstrutjot=\dimen152
)
(/usr/share/texlive/texmf-dist/tex/latex/psnfss/courier.sty
Package: courier 2005/04/12 PSNFSS-v9.2a (WaS) 
)
(/usr/share/texlive/texmf-dist/tex/latex/graphics/rotating.sty
Package: rotating 2016/08/11 v2.16d rotated objects in LaTeX
\c@r@tfl@t=\count273
\rotFPtop=\skip64
\rotFPbot=\skip65
\rot@float@box=\box48
\rot@mess@toks=\toks19
)
(/usr/share/texlive/texmf-dist/tex/latex/l3backend/l3backend-pdfmode.def
File: l3backend-pdfmode.def 2020-02-03 L3 backend support: PDF mode
\l__kernel_color_stack_int=\count274
\l__pdf_internal_box=\box49
)

LaTeX Warning: Unused global option(s):
    [letter].

(./guias.aux
LaTeX Info: Redefining \. on input line 24.
LaTeX Info: Redefining \% on input line 24.
)
\openout1 = `guias.aux'.

LaTeX Font Info:    Checking defaults for OML/cmm/m/it on input line 38.
LaTeX Font Info:    ... okay on input line 38.
LaTeX Font Info:    Checking defaults for OMS/cmsy/m/n on input line 38.
LaTeX Font Info:    ... okay on input line 38.
LaTeX Font Info:    Checking defaults for OT1/cmr/m/n on input line 38.
LaTeX Font Info:    ... okay on input line 38.
LaTeX Font Info:    Checking defaults for T1/cmr/m/n on input line 38.
LaTeX Font Info:    ... okay on input line 38.
LaTeX Font Info:    Checking defaults for TS1/cmr/m/n on input line 38.
LaTeX Font Info:    ... okay on input line 38.
LaTeX Font Info:    Checking defaults for OMX/cmex/m/n on input line 38.
LaTeX Font Info:    ... okay on input line 38.
LaTeX Font Info:    Checking defaults for U/cmr/m/n on input line 38.
LaTeX Font Info:    ... okay on input line 38.
LaTeX Font Info:    Checking defaults for PD1/pdf/m/n on input line 38.
LaTeX Font Info:    ... okay on input line 38.
LaTeX Info: Redefining \. on input line 38.
LaTeX Info: Redefining \% on input line 38.

(/usr/share/texlive/texmf-dist/tex/context/base/mkii/supp-pdf.mkii
[Loading MPS to PDF converter (version 2006.09.02).]
\scratchcounter=\count275
\scratchdimen=\dimen153
\scratchbox=\box50
\nofMPsegments=\count276
\nofMParguments=\count277
\everyMPshowfont=\toks20
\MPscratchCnt=\count278
\MPscratchDim=\dimen154
\MPnumerator=\count279
\makeMPintoPDFobject=\count280
\everyMPtoPDFconversion=\toks21
) (/usr/share/texlive/texmf-dist/tex/latex/epstopdf-pkg/epstopdf-base.sty
Package: epstopdf-base 2020-01-24 v2.11 Base part for package epstopdf
Package epstopdf-base Info: Redefining graphics rule for `.eps' on input line 4
85.

(/usr/share/texlive/texmf-dist/tex/latex/latexconfig/epstopdf-sys.cfg
File: epstopdf-sys.cfg 2010/07/13 v1.3 Configuration of (r)epstopdf for TeX Liv
e
))
\AtBeginShipoutBox=\box51
Package hyperref Info: Link coloring OFF on input line 38.

(/usr/share/texlive/texmf-dist/tex/latex/hyperref/nameref.sty
Package: nameref 2019/09/16 v2.46 Cross-referencing by name of section

(/usr/share/texlive/texmf-dist/tex/latex/refcount/refcount.sty
Package: refcount 2019/12/15 v3.6 Data extraction from label references (HO)
)
(/usr/share/texlive/texmf-dist/tex/generic/gettitlestring/gettitlestring.sty
Package: gettitlestring 2019/12/15 v1.6 Cleanup title references (HO)
)
\c@section@level=\count281
)
LaTeX Info: Redefining \ref on input line 38.
LaTeX Info: Redefining \pageref on input line 38.
LaTeX Info: Redefining \nameref on input line 38.

(./guias.out) (./guias.out)
\@outlinefile=\write4
\openout4 = `guias.out'.

Package caption Info: Begin \AtBeginDocument code.
Package caption Info: rotating package is loaded.
Package caption Info: subfigure package is loaded.
Package caption Info: End \AtBeginDocument code.
LaTeX Font Info:    External font `cmex10' loaded for size
(Font)              <12> on input line 41.
LaTeX Font Info:    External font `cmex10' loaded for size
(Font)              <8> on input line 41.
LaTeX Font Info:    External font `cmex10' loaded for size
(Font)              <6> on input line 41.
 [1


{/var/lib/texmf/fonts/map/pdftex/updmap/pdftex.map}] [2

] (./guias.toc
LaTeX Info: Redefining \. on input line 1.
LaTeX Info: Redefining \% on input line 1.
LaTeX Font Info:    External font `cmex10' loaded for size
(Font)              <10.95> on input line 4.
 [3] [4])
\tf@toc=\write5
\openout5 = `guias.toc'.

 [5] [6

] (./guias.lof
LaTeX Info: Redefining \. on input line 1.
LaTeX Info: Redefining \% on input line 1.
 [7]
Overfull \hbox (2.79828pt too wide) detected at line 62
\OT1/cmr/m/n/10.95 16.10. 
 []

)
\tf@lof=\write6
\openout6 = `guias.lof'.

 [8]
Cap\'{\i }tulo 1.
<Figs/Bioinformatica.png, id=511, 284.5029pt x 248.127pt>
File: Figs/Bioinformatica.png Graphic file (type png)
<use Figs/Bioinformatica.png>
Package pdftex.def Info: Figs/Bioinformatica.png  used on input line 53.
(pdftex.def)             Requested size: 163.11905pt x 142.26378pt.

LaTeX Warning: `h' float specifier changed to `ht'.

LaTeX Font Info:    External font `cmex10' loaded for size
(Font)              <9> on input line 57.
LaTeX Font Info:    External font `cmex10' loaded for size
(Font)              <5> on input line 57.
[9

] [10 <./Figs/Bioinformatica.png>]
Cap\'{\i }tulo 2.
LaTeX Font Info:    Trying to load font information for OT1+pcr on input line 6
2.
(/usr/share/texlive/texmf-dist/tex/latex/psnfss/ot1pcr.fd
File: ot1pcr.fd 2001/06/04 font definitions for OT1/pcr.
)
<Figs/terminalico.png, id=537, 123.46124pt x 39.14626pt>
File: Figs/terminalico.png Graphic file (type png)
<use Figs/terminalico.png>
Package pdftex.def Info: Figs/terminalico.png  used on input line 70.
(pdftex.def)             Requested size: 85.35826pt x 27.06648pt.
 [11

]
<Figs/terminal.png, id=551, 779.91376pt x 432.61626pt>
File: Figs/terminal.png Graphic file (type png)
<use Figs/terminal.png>
Package pdftex.def Info: Figs/terminal.png  used on input line 78.
(pdftex.def)             Requested size: 284.52756pt x 157.8277pt.

Underfull \hbox (badness 10000) in paragraph at lines 84--84
[][][]\OT1/cmr/m/n/9 Lista de mo-di-fi-ca-do-res de \OT1/cmr/m/it/9 prompt \OT1
/cmr/m/n/9 en bash: []$\OT1/pcr/m/n/9 http : / / tldp . org / HOWTO / Bash-[]Pr
ompt-[]HOWTO /
 []

[12 <./Figs/terminalico.png> <./Figs/terminal.png>]
<Figs/arboldir.png, id=580, 215.8464pt x 422.0568pt>
File: Figs/arboldir.png Graphic file (type png)
<use Figs/arboldir.png>
Package pdftex.def Info: Figs/arboldir.png  used on input line 121.
(pdftex.def)             Requested size: 113.81102pt x 222.5427pt.
 [13]
<Figs/permisos.png, id=594, 741.77126pt x 268.00125pt>
File: Figs/permisos.png Graphic file (type png)
<use Figs/permisos.png>
Package pdftex.def Info: Figs/permisos.png  used on input line 145.
(pdftex.def)             Requested size: 142.26378pt x 51.39922pt.
 [14 <./Figs/arboldir.png>]
Underfull \vbox (badness 6348) has occurred while \output is active []

 [15 <./Figs/permisos.png>] [16]
LaTeX Font Info:    Trying to load font information for OMS+pcr on input line 2
38.
 (/usr/share/texlive/texmf-dist/tex/latex/psnfss/omspcr.fd
File: omspcr.fd 
)
LaTeX Font Info:    Font shape `OMS/pcr/m/n' in size <8> not available
(Font)              Font shape `OMS/cmsy/m/n' tried instead on input line 238.
[17] [18]
Overfull \hbox (35.24968pt too wide) in paragraph at lines 353--354
\OT1/cmr/m/n/10.95 for-ma-to. Pue-de usar el co-man-do ``[]'', o el co-man-do `
`[]''[][][]. 
 []


Underfull \vbox (badness 10000) has occurred while \output is active []

 [19]
[20]
Cap\'{\i }tulo 3.
<Figs/NCBIStart.png, id=685, 943.525pt x 618.31pt>
File: Figs/NCBIStart.png Graphic file (type png)
<use Figs/NCBIStart.png>
Package pdftex.def Info: Figs/NCBIStart.png  used on input line 390.
(pdftex.def)             Requested size: 426.79134pt x 279.68987pt.
<Figs/NCBISearchBox.png, id=688, 834.11626pt x 117.43875pt>
File: Figs/NCBISearchBox.png Graphic file (type png)
<use Figs/NCBISearchBox.png>
Package pdftex.def Info: Figs/NCBISearchBox.png  used on input line 404.
(pdftex.def)             Requested size: 426.79134pt x 60.09007pt.
[21

] [22 <./Figs/NCBIStart.png> <./Figs/NCBISearchBox.png>] [23]
<Figs/screenshotEntrez.png, id=704, 1215.54124pt x 796.9775pt>
File: Figs/screenshotEntrez.png Graphic file (type png)
<use Figs/screenshotEntrez.png>
Package pdftex.def Info: Figs/screenshotEntrez.png  used on input line 442.
(pdftex.def)             Requested size: 426.79134pt x 279.82188pt.
 [24] [25 <./Figs/screenshotEntrez.png>] [26] [27]
<Figs/screenshorSRS.png, id=738, 605.26125pt x 467.7475pt>
File: Figs/screenshorSRS.png Graphic file (type png)
<use Figs/screenshorSRS.png>
Package pdftex.def Info: Figs/screenshorSRS.png  used on input line 553.
(pdftex.def)             Requested size: 426.79134pt x 329.82625pt.
<Figs/SRSMenu.png, id=740, 851.18pt x 81.30376pt>
File: Figs/SRSMenu.png Graphic file (type png)
<use Figs/SRSMenu.png>
Package pdftex.def Info: Figs/SRSMenu.png  used on input line 565.
(pdftex.def)             Requested size: 426.79134pt x 40.76714pt.
<Figs/SRSDBs.png, id=742, 898.35625pt x 555.07375pt>
File: Figs/SRSDBs.png Graphic file (type png)
<use Figs/SRSDBs.png>
Package pdftex.def Info: Figs/SRSDBs.png  used on input line 573.
(pdftex.def)             Requested size: 341.43306pt x 210.96408pt.
 [28] [29 <./Figs/screenshorSRS.png> <./Figs/SRSMenu.png>]
Overfull \hbox (1.15845pt too wide) in paragraph at lines 590--591
[]\OT1/cmr/m/n/10.95 Campos de b^^Susque-da, don-de po-de-mos en-trar nues-tros
 t^^Sermi-nos de b^^Susque-
 []

<Figs/SearchFormSRS.png, id=756, 800.9925pt x 523.9575pt>
File: Figs/SearchFormSRS.png Graphic file (type png)
<use Figs/SearchFormSRS.png>
Package pdftex.def Info: Figs/SearchFormSRS.png  used on input line 599.
(pdftex.def)             Requested size: 341.43306pt x 223.34657pt.
<Figs/busquedaSRSplasmodium.png, id=758, 580.1675pt x 176.66pt>
File: Figs/busquedaSRSplasmodium.png Graphic file (type png)
<use Figs/busquedaSRSplasmodium.png>
Package pdftex.def Info: Figs/busquedaSRSplasmodium.png  used on input line 607
.
(pdftex.def)             Requested size: 284.52756pt x 86.63693pt.
[30 <./Figs/SRSDBs.png>] [31 <./Figs/SearchFormSRS.png> <./Figs/busquedaSRSplas
modium.png>] [32

]
Cap\'{\i }tulo 4.
<Figs/screenshotVecScreen.png, id=774, 611.28375pt x 286.06876pt>
File: Figs/screenshotVecScreen.png Graphic file (type png)
<use Figs/screenshotVecScreen.png>
Package pdftex.def Info: Figs/screenshotVecScreen.png  used on input line 629.
(pdftex.def)             Requested size: 284.52756pt x 133.15154pt.
[33 <./Figs/screenshotVecScreen.png>] [34]

Package hyperref Warning: Token not allowed in a PDF string (PDFDocEncoding):
(hyperref)                removing `math shift' on input line 720.


Package hyperref Warning: Token not allowed in a PDF string (PDFDocEncoding):
(hyperref)                removing `math shift' on input line 720.

[35]
Overfull \hbox (1.25714pt too wide) in paragraph at lines 732--733
[]\OT1/cmr/m/n/10.95 Siga el en-la-ce []$\OT1/pcr/m/n/10.95 http : / / mobyle .
 pasteur . fr / cgi-[]bin / portal . py ? form = compseq$[] \OT1/cmr/m/n/10.95 
y cal-
 []

[36]
Cap\'{\i }tulo 5.

Overfull \hbox (4.35428pt too wide) in paragraph at lines 738--739
\OT1/cmr/m/n/10.95 tador. Pa-ra es-to ini-cie-mos el pro-gra-ma \OT1/cmr/bx/n/1
0.95 Ter-mi-nal[][][]\OT1/cmr/m/n/10.95 . Una vez en \OT1/cmr/bx/n/10.95 Ter-mi
-nal \OT1/cmr/m/n/10.95 po-de-mos es-cri-bir []
 []

<Figs/sqlitemanager.png, id=807, 805.0075pt x 523.9575pt>
File: Figs/sqlitemanager.png Graphic file (type png)
<use Figs/sqlitemanager.png>
Package pdftex.def Info: Figs/sqlitemanager.png  used on input line 755.
(pdftex.def)             Requested size: 426.79134pt x 277.78409pt.
[37

] [38 <./Figs/sqlitemanager.png>] [39] [40

]
Cap\'{\i }tulo 6.
[41] [42] [43]
Overfull \hbox (4.80643pt too wide) in paragraph at lines 950--951
[]\OT1/cmr/m/n/10.95 ?`Cu^^Santas y cu^^Sales reac-cio-nes en-zim^^Sati-cas son
 me-dia-das por la en-zi-ma glu-tat-hio-ne s-transferasa? 
 []

[44]
Overfull \hbox (0.87906pt too wide) in paragraph at lines 976--977
[]\OT1/cmr/m/n/10.95 Encuentran mas gu^^S^^Pas si-guien-do los en-la-ces []$\OT
1/pcr/m/n/10.95 http : / / www . ncbi . nlm . nih . gov / guide / all /
 []

[45] [46

]
Cap\'{\i }tulo 7.

Overfull \hbox (17.4244pt too wide) in paragraph at lines 982--983
\OT1/pcr/m/n/10.95 geneontology . org / teaching _ resources / tutorials / 2007
-[]10 _ GO-[]resources _ jblake .
 []

[47]
<Figs/QueryGO5.png, id=894, 780.9175pt x 513.92pt>
File: Figs/QueryGO5.png Graphic file (type png)
<use Figs/QueryGO5.png>
Package pdftex.def Info: Figs/QueryGO5.png  used on input line 1008.
(pdftex.def)             Requested size: 426.79134pt x 280.86894pt.
<Figs/GO_DAG.png, id=896, 257.96375pt x 605.26125pt>
File: Figs/GO_DAG.png Graphic file (type png)
<use Figs/GO_DAG.png>
Package pdftex.def Info: Figs/GO_DAG.png  used on input line 1016.
(pdftex.def)             Requested size: 97.01169pt x 227.62204pt.

Overfull \hbox (17.89659pt too wide) in paragraph at lines 1021--1022
[]\OT1/cmr/m/n/10.95 Vamos a rea-li-zar otra con-sul-ta en GO usan-do co-mo pa-
la-bra cla-ve el nom-bre de un gen (``ANAC092''),
 []

<Figs/QueryGO1.png, id=898, 1222.5675pt x 587.19376pt>
File: Figs/QueryGO1.png Graphic file (type png)
<use Figs/QueryGO1.png>
Package pdftex.def Info: Figs/QueryGO1.png  used on input line 1025.
(pdftex.def)             Requested size: 426.79134pt x 204.98329pt.
[48 <./Figs/QueryGO5.png>]
<Figs/QueryGO2.png, id=905, 1258.7025pt x 628.3475pt>
File: Figs/QueryGO2.png Graphic file (type png)
<use Figs/QueryGO2.png>
Package pdftex.def Info: Figs/QueryGO2.png  used on input line 1033.
(pdftex.def)             Requested size: 426.79134pt x 213.05046pt.
<Figs/QueryGO3.png, id=906, 1248.665pt x 548.0475pt>
File: Figs/QueryGO3.png Graphic file (type png)
<use Figs/QueryGO3.png>
Package pdftex.def Info: Figs/QueryGO3.png  used on input line 1039.
(pdftex.def)             Requested size: 426.79134pt x 187.32045pt.
 [49 <./Figs/GO_DAG.png>] [50 <./Figs/QueryGO1.png> <./Figs/QueryGO2.png>] [51 
<./Figs/QueryGO3.png>] [52

]
Cap\'{\i }tulo 8.
[53] [54

]
Cap\'{\i }tulo 9.
[55] [56

]
Cap\'{\i }tulo 10.
<Figs/DotLet1.png, id=952, 692.5875pt x 432.61626pt>
File: Figs/DotLet1.png Graphic file (type png)
<use Figs/DotLet1.png>
Package pdftex.def Info: Figs/DotLet1.png  used on input line 1092.
(pdftex.def)             Requested size: 284.52756pt x 177.73027pt.
<Figs/inputDotLet.png, id=954, 401.5pt x 302.12875pt>
File: Figs/inputDotLet.png Graphic file (type png)
<use Figs/inputDotLet.png>
Package pdftex.def Info: Figs/inputDotLet.png  used on input line 1100.
(pdftex.def)             Requested size: 199.16928pt x 149.8792pt.
[57 <./Figs/DotLet1.png (PNG copy)>]
<Figs/DotLetBotones.png, id=962, 705.63625pt x 68.255pt>
File: Figs/DotLetBotones.png Graphic file (type png)
<use Figs/DotLetBotones.png>
Package pdftex.def Info: Figs/DotLetBotones.png  used on input line 1108.
(pdftex.def)             Requested size: 284.52756pt x 27.52126pt.
<Figs/DotLetResultado1.png, id=964, 706.64pt x 400.49625pt>
File: Figs/DotLetResultado1.png Graphic file (type png)
<use Figs/DotLetResultado1.png>
Package pdftex.def Info: Figs/DotLetResultado1.png  used on input line 1118.
(pdftex.def)             Requested size: 426.79134pt x 241.88847pt.
 [58 <./Figs/inputDotLet.png> <./Figs/DotLetBotones.png>] [59 <./Figs/DotLetRes
ultado1.png>] [60

]
Cap\'{\i }tulo 11.
[61]
<Figs/SeqRet1.png, id=998, 1253.68375pt x 594.22pt>
File: Figs/SeqRet1.png Graphic file (type png)
<use Figs/SeqRet1.png>
Package pdftex.def Info: Figs/SeqRet1.png  used on input line 1158.
(pdftex.def)             Requested size: 483.69684pt x 229.2605pt.

Overfull \hbox (13.94182pt too wide) in paragraph at lines 1158--1159
 [][] 
 []

[62 <./Figs/SeqRet1.png (PNG copy)>] [63] [64

]
Cap\'{\i }tulo 12.

Overfull \hbox (11.84235pt too wide) in paragraph at lines 1193--1194
[]\OT1/cmr/m/n/10.95 Para desa-rro-llar los ejer-ci-cios si-ga el en-la-ce []$\
OT1/pcr/m/n/10.95 http : / / mobyle . pasteur . fr / cgi-[]bin / portal .
 []

[65] [66] [67] [68

]
Cap\'{\i }tulo 13.
<Figs/blasthomepage.png, id=1046, 612.2875pt x 292.09125pt>
File: Figs/blasthomepage.png Graphic file (type png)
<use Figs/blasthomepage.png>
Package pdftex.def Info: Figs/blasthomepage.png  used on input line 1315.
(pdftex.def)             Requested size: 284.52756pt x 135.73187pt.
<Figs/blastx_input.png, id=1049, 924.45375pt x 633.36626pt>
File: Figs/blastx_input.png Graphic file (type png)
<use Figs/blastx_input.png>
Package pdftex.def Info: Figs/blastx_input.png  used on input line 1323.
(pdftex.def)             Requested size: 284.52756pt x 194.93051pt.

LaTeX Warning: `!h' float specifier changed to `!ht'.

[69 <./Figs/blasthomepage.png>]
<Figs/blastx_parameters.png, id=1055, 513.92pt x 450.68375pt>
File: Figs/blastx_parameters.png Graphic file (type png)
<use Figs/blastx_parameters.png>
Package pdftex.def Info: Figs/blastx_parameters.png  used on input line 1333.
(pdftex.def)             Requested size: 284.52756pt x 249.52039pt.
 [70 <./Figs/blastx_input.png> <./Figs/blastx_parameters.png>]
<Figs/blastxres1.png, id=1064, 593.21625pt x 463.7325pt>
File: Figs/blastxres1.png Graphic file (type png)
<use Figs/blastxres1.png>
Package pdftex.def Info: Figs/blastxres1.png  used on input line 1345.
(pdftex.def)             Requested size: 256.0748pt x 200.18651pt.
<Figs/blastxres2.png, id=1065, 655.44875pt x 471.7625pt>
File: Figs/blastxres2.png Graphic file (type png)
<use Figs/blastxres2.png>
Package pdftex.def Info: Figs/blastxres2.png  used on input line 1351.
(pdftex.def)             Requested size: 256.0748pt x 184.31056pt.


LaTeX Warning: `!h' float specifier changed to `!ht'.

[71 <./Figs/blastxres1.png>]
<Figs/blastxres3.png, id=1073, 664.4825pt x 515.9275pt>
File: Figs/blastxres3.png Graphic file (type png)
<use Figs/blastxres3.png>
Package pdftex.def Info: Figs/blastxres3.png  used on input line 1365.
(pdftex.def)             Requested size: 256.0748pt x 198.82558pt.
 [72 <./Figs/blastxres2.png> <./Figs/blastxres3.png>]
Overfull \hbox (10.64261pt too wide) in paragraph at lines 1383--1384
[]\OT1/cmr/m/n/10.95 Para fi-na-li-zar si-ga el en-la-ce []$\OT1/pcr/m/n/10.95 
http : / / www . ncbi . nlm . nih . gov / bookshelf / br . fcgi ? book =
 []

LaTeX Font Info:    External font `cmex10' loaded for size
(Font)              <14.4> on input line 1385.
LaTeX Font Info:    External font `cmex10' loaded for size
(Font)              <7> on input line 1385.

Package hyperref Warning: Token not allowed in a PDF string (PDFDocEncoding):
(hyperref)                removing `math shift' on input line 1385.


Package hyperref Warning: Token not allowed in a PDF string (PDFDocEncoding):
(hyperref)                removing `math shift' on input line 1385.


Overfull \hbox (24.08948pt too wide) in paragraph at lines 1395--1396
[][]$\OT1/pcr/m/n/10.95 http : / / www . ncbi . nlm . nih . gov / books / NBK17
63 / #CmdLineAppsManual . 5 _ Cookbook$[] 
 []


Overfull \hbox (4.3795pt too wide) in paragraph at lines 1396--1397
[][]$\OT1/pcr/m/n/10.95 http : / / www . ncbi . nlm . nih . gov / books / NBK17
63 / #CmdLineAppsManual . 4 _ User _
 []

[73] [74]
Cap\'{\i }tulo 14.

Package hyperref Warning: Token not allowed in a PDF string (PDFDocEncoding):
(hyperref)                removing `math shift' on input line 1433.


Package hyperref Warning: Token not allowed in a PDF string (PDFDocEncoding):
(hyperref)                removing `\alpha' on input line 1433.


Package hyperref Warning: Token not allowed in a PDF string (PDFDocEncoding):
(hyperref)                removing `math shift' on input line 1433.


Underfull \vbox (badness 10000) has occurred while \output is active []

 [75

]
[76]
<Figs/AltAVist1.png, id=1134, 395.97937pt x 254.45062pt>
File: Figs/AltAVist1.png Graphic file (type png)
<use Figs/AltAVist1.png>
Package pdftex.def Info: Figs/AltAVist1.png  used on input line 1457.
(pdftex.def)             Requested size: 256.0748pt x 164.55229pt.
 [77 <./Figs/AltAVist1.png>]
<Figs/AltAVist2.png, id=1144, 390.70969pt x 253.69781pt>
File: Figs/AltAVist2.png Graphic file (type png)
<use Figs/AltAVist2.png>
Package pdftex.def Info: Figs/AltAVist2.png  used on input line 1467.
(pdftex.def)             Requested size: 256.0748pt x 166.2836pt.
 [78 <./Figs/AltAVist2.png>] [79] [80]
Cap\'{\i }tulo 15.
[81

]
<Figs/lexA.png, id=1209, 369.63094pt x 119.69719pt>
File: Figs/lexA.png Graphic file (type png)
<use Figs/lexA.png>
Package pdftex.def Info: Figs/lexA.png  used on input line 1538.
(pdftex.def)             Requested size: 256.0748pt x 82.92537pt.
 [82 <./Figs/lexA.png (PNG copy)>]
<Figs/PfamResults.png, id=1230, 1293.83376pt x 420.57124pt>
File: Figs/PfamResults.png Graphic file (type png)
<use Figs/PfamResults.png>
Package pdftex.def Info: Figs/PfamResults.png  used on input line 1581.
(pdftex.def)             Requested size: 398.33858pt x 129.48372pt.
 [83 <./Figs/PfamResults.png>] [84]
Cap\'{\i }tulo 16.
[85

]

LaTeX Warning: Command \textendash invalid in math mode on input line 1645.

[86]
<Figs/QP_createproject.png, id=1269, 562.1pt x 320.19624pt>
File: Figs/QP_createproject.png Graphic file (type png)
<use Figs/QP_createproject.png>
Package pdftex.def Info: Figs/QP_createproject.png  used on input line 1675.
(pdftex.def)             Requested size: 256.0748pt x 145.87029pt.


LaTeX Warning: `!h' float specifier changed to `!ht'.

<Figs/QP_transcripts.png, id=1271, 549.05125pt x 313.17pt>
File: Figs/QP_transcripts.png Graphic file (type png)
<use Figs/QP_transcripts.png>
Package pdftex.def Info: Figs/QP_transcripts.png  used on input line 1683.
(pdftex.def)             Requested size: 256.0748pt x 146.06216pt.
[87]
<Figs/QP_progress.png, id=1281, 551.05875pt x 376.40625pt>
File: Figs/QP_progress.png Graphic file (type png)
<use Figs/QP_progress.png>
Package pdftex.def Info: Figs/QP_progress.png  used on input line 1693.
(pdftex.def)             Requested size: 256.0748pt x 174.91795pt.
 [88 <./Figs/QP_createproject.png> <./Figs/QP_transcripts.png>]
<Figs/QP_results.png, id=1287, 557.08125pt x 409.53pt>
File: Figs/QP_results.png Graphic file (type png)
<use Figs/QP_results.png>
Package pdftex.def Info: Figs/QP_results.png  used on input line 1705.
(pdftex.def)             Requested size: 256.0748pt x 188.25485pt.
 [89 <./Figs/QP_progress.png> <./Figs/QP_results.png>]
<Figs/QP_primerinfo.png, id=1293, 534.99875pt x 445.665pt>
File: Figs/QP_primerinfo.png Graphic file (type png)
<use Figs/QP_primerinfo.png>
Package pdftex.def Info: Figs/QP_primerinfo.png  used on input line 1713.
(pdftex.def)             Requested size: 256.0748pt x 213.32513pt.

Overfull \hbox (72.8149pt too wide) in paragraph at lines 1721--1722
[]\OT1/cmr/m/n/10.95 Vuelva a la p^^Sagi-na de re-sul-ta-dos. En la par-te in-f
e-rior de la p^^Sagi-na en-con-trar^^Sa el bot^^Son [],
 []


Overfull \hbox (20.06789pt too wide) in paragraph at lines 1729--1730
[]\OT1/cmr/m/n/10.95 Siga el en-la-ce []$\OT1/pcr/m/n/10.95 https : / / icodeho
p . cphi . washington . edu / i-[]codehop-[]context / Welcome$[]
 []

[90 <./Figs/QP_primerinfo.png>]
<Figs/CODEHOP_start.png, id=1304, 518.6878pt x 355.3275pt>
File: Figs/CODEHOP_start.png Graphic file (type png)
<use Figs/CODEHOP_start.png>
Package pdftex.def Info: Figs/CODEHOP_start.png  used on input line 1735.
(pdftex.def)             Requested size: 256.0748pt x 175.42949pt.
<Figs/CODEHOP_design.png, id=1305, 563.10374pt x 596.2275pt>
File: Figs/CODEHOP_design.png Graphic file (type png)
<use Figs/CODEHOP_design.png>
Package pdftex.def Info: Figs/CODEHOP_design.png  used on input line 1741.
(pdftex.def)             Requested size: 256.0748pt x 271.13837pt.
 [91 <./Figs/CODEHOP_start.png> <./Figs/CODEHOP_design.png>]
<Figs/CODEHOP_design2.png, id=1314, 606.01407pt x 657.95813pt>
File: Figs/CODEHOP_design2.png Graphic file (type png)
<use Figs/CODEHOP_design2.png>
Package pdftex.def Info: Figs/CODEHOP_design2.png  used on input line 1749.
(pdftex.def)             Requested size: 256.0748pt x 278.02719pt.
<Figs/CODEHOP_design3.png, id=1317, 727.21687pt x 628.59843pt>
File: Figs/CODEHOP_design3.png Graphic file (type png)
<use Figs/CODEHOP_design3.png>
Package pdftex.def Info: Figs/CODEHOP_design3.png  used on input line 1757.
(pdftex.def)             Requested size: 256.0748pt x 221.35558pt.


LaTeX Warning: `!h' float specifier changed to `!ht'.


Overfull \hbox (33.02986pt too wide) in paragraph at lines 1761--1762
[]\OT1/cmr/m/n/10.95 Uno vez est^^Se sa-tis-fech@ con su se-lec-ci^^Son de par^
^Same-tros, pue-de dar clic en el bot^^Son []
 []

[92 <./Figs/CODEHOP_design2.png>]
<Figs/CODEHOP_resultados.png, id=1324, 727.96968pt x 651.93562pt>
File: Figs/CODEHOP_resultados.png Graphic file (type png)
<use Figs/CODEHOP_resultados.png>
Package pdftex.def Info: Figs/CODEHOP_resultados.png  used on input line 1777.
(pdftex.def)             Requested size: 256.0748pt x 229.33481pt.


LaTeX Warning: `!h' float specifier changed to `!ht'.

(./guias.bbl [93 <./Figs/CODEHOP_design3.png>] [94 <./Figs/CODEHOP_resultados.p
ng>] [95

]) [96] [97


] [98]
<pdfs/guideUNIX.pdf, id=1353, page=1, 626.34pt x 873.2625pt>
File: pdfs/guideUNIX.pdf Graphic file (type pdf)
<use pdfs/guideUNIX.pdf, page 1>
Package pdftex.def Info: pdfs/guideUNIX.pdf , page1 used on input line 1786.
(pdftex.def)             Requested size: 626.33846pt x 873.26036pt.
File: pdfs/guideUNIX.pdf Graphic file (type pdf)
<use pdfs/guideUNIX.pdf, page 1>
Package pdftex.def Info: pdfs/guideUNIX.pdf , page1 used on input line 1786.
(pdftex.def)             Requested size: 626.52003pt x 873.51352pt.
File: pdfs/guideUNIX.pdf Graphic file (type pdf)
<use pdfs/guideUNIX.pdf, page 1>
Package pdftex.def Info: pdfs/guideUNIX.pdf , page1 used on input line 1786.
(pdftex.def)             Requested size: 626.52003pt x 873.51352pt.
File: pdfs/guideUNIX.pdf Graphic file (type pdf)
<use pdfs/guideUNIX.pdf, page 1>
Package pdftex.def Info: pdfs/guideUNIX.pdf , page1 used on input line 1786.
(pdftex.def)             Requested size: 626.52003pt x 873.51352pt.
File: pdfs/guideUNIX.pdf Graphic file (type pdf)
<use pdfs/guideUNIX.pdf, page 1>
Package pdftex.def Info: pdfs/guideUNIX.pdf , page1 used on input line 1786.
(pdftex.def)             Requested size: 626.52003pt x 873.51352pt.
 [99 <./pdfs/guideUNIX.pdf, page is rotated 270 degrees>]
<pdfs/guideUNIX.pdf, id=1375, page=2, 626.34pt x 873.2625pt>
File: pdfs/guideUNIX.pdf Graphic file (type pdf)
<use pdfs/guideUNIX.pdf, page 2>
Package pdftex.def Info: pdfs/guideUNIX.pdf , page2 used on input line 1786.
(pdftex.def)             Requested size: 626.52003pt x 873.51352pt.
File: pdfs/guideUNIX.pdf Graphic file (type pdf)
<use pdfs/guideUNIX.pdf, page 2>
Package pdftex.def Info: pdfs/guideUNIX.pdf , page2 used on input line 1786.
(pdftex.def)             Requested size: 626.52003pt x 873.51352pt.
File: pdfs/guideUNIX.pdf Graphic file (type pdf)
<use pdfs/guideUNIX.pdf, page 2>
Package pdftex.def Info: pdfs/guideUNIX.pdf , page2 used on input line 1786.
(pdftex.def)             Requested size: 626.52003pt x 873.51352pt.
 [100 <./pdfs/guideUNIX.pdf, page is rotated 270 degrees>]
<pdfs/guideEMBOSS.pdf, id=1386, page=2, 597.50829pt x 845.0471pt>
File: pdfs/guideEMBOSS.pdf Graphic file (type pdf)
<use pdfs/guideEMBOSS.pdf, page 2>
Package pdftex.def Info: pdfs/guideEMBOSS.pdf , page2 used on input line 1789.
(pdftex.def)             Requested size: 597.50682pt x 845.04504pt.
File: pdfs/guideEMBOSS.pdf Graphic file (type pdf)
<use pdfs/guideEMBOSS.pdf, page 2>
Package pdftex.def Info: pdfs/guideEMBOSS.pdf , page2 used on input line 1789.
(pdftex.def)             Requested size: 597.53416pt x 845.08372pt.
File: pdfs/guideEMBOSS.pdf Graphic file (type pdf)
<use pdfs/guideEMBOSS.pdf, page 2>
Package pdftex.def Info: pdfs/guideEMBOSS.pdf , page2 used on input line 1789.
(pdftex.def)             Requested size: 597.53416pt x 845.08372pt.
File: pdfs/guideEMBOSS.pdf Graphic file (type pdf)
<use pdfs/guideEMBOSS.pdf, page 2>
Package pdftex.def Info: pdfs/guideEMBOSS.pdf , page2 used on input line 1789.
(pdftex.def)             Requested size: 597.53416pt x 845.08372pt.
File: pdfs/guideEMBOSS.pdf Graphic file (type pdf)
<use pdfs/guideEMBOSS.pdf, page 2>
Package pdftex.def Info: pdfs/guideEMBOSS.pdf , page2 used on input line 1789.
(pdftex.def)             Requested size: 597.53416pt x 845.08372pt.
 [101 <./pdfs/guideEMBOSS.pdf>]
<pdfs/guideEMBOSS.pdf, id=1398, page=1, 597.50829pt x 845.0471pt>
File: pdfs/guideEMBOSS.pdf Graphic file (type pdf)
<use pdfs/guideEMBOSS.pdf, page 1>
Package pdftex.def Info: pdfs/guideEMBOSS.pdf , page1 used on input line 1789.
(pdftex.def)             Requested size: 597.53416pt x 845.08372pt.
File: pdfs/guideEMBOSS.pdf Graphic file (type pdf)
<use pdfs/guideEMBOSS.pdf, page 1>
Package pdftex.def Info: pdfs/guideEMBOSS.pdf , page1 used on input line 1789.
(pdftex.def)             Requested size: 597.53416pt x 845.08372pt.
File: pdfs/guideEMBOSS.pdf Graphic file (type pdf)
<use pdfs/guideEMBOSS.pdf, page 1>
Package pdftex.def Info: pdfs/guideEMBOSS.pdf , page1 used on input line 1789.
(pdftex.def)             Requested size: 597.53416pt x 845.08372pt.
 [102 <./pdfs/guideEMBOSS.pdf>]
<pdfs/guideBLAST.pdf, id=1410, page=2, 597.50829pt x 845.0471pt>
File: pdfs/guideBLAST.pdf Graphic file (type pdf)
<use pdfs/guideBLAST.pdf, page 2>
Package pdftex.def Info: pdfs/guideBLAST.pdf , page2 used on input line 1792.
(pdftex.def)             Requested size: 597.50682pt x 845.04504pt.
File: pdfs/guideBLAST.pdf Graphic file (type pdf)
<use pdfs/guideBLAST.pdf, page 2>
Package pdftex.def Info: pdfs/guideBLAST.pdf , page2 used on input line 1792.
(pdftex.def)             Requested size: 597.53416pt x 845.08372pt.
File: pdfs/guideBLAST.pdf Graphic file (type pdf)
<use pdfs/guideBLAST.pdf, page 2>
Package pdftex.def Info: pdfs/guideBLAST.pdf , page2 used on input line 1792.
(pdftex.def)             Requested size: 597.53416pt x 845.08372pt.
File: pdfs/guideBLAST.pdf Graphic file (type pdf)
<use pdfs/guideBLAST.pdf, page 2>
Package pdftex.def Info: pdfs/guideBLAST.pdf , page2 used on input line 1792.
(pdftex.def)             Requested size: 597.53416pt x 845.08372pt.
File: pdfs/guideBLAST.pdf Graphic file (type pdf)
<use pdfs/guideBLAST.pdf, page 2>
Package pdftex.def Info: pdfs/guideBLAST.pdf , page2 used on input line 1792.
(pdftex.def)             Requested size: 597.53416pt x 845.08372pt.
 [103 <./pdfs/guideBLAST.pdf>]
<pdfs/guideBLAST.pdf, id=1423, page=1, 597.50829pt x 845.0471pt>
File: pdfs/guideBLAST.pdf Graphic file (type pdf)
<use pdfs/guideBLAST.pdf, page 1>
Package pdftex.def Info: pdfs/guideBLAST.pdf , page1 used on input line 1792.
(pdftex.def)             Requested size: 597.53416pt x 845.08372pt.
File: pdfs/guideBLAST.pdf Graphic file (type pdf)
<use pdfs/guideBLAST.pdf, page 1>
Package pdftex.def Info: pdfs/guideBLAST.pdf , page1 used on input line 1792.
(pdftex.def)             Requested size: 597.53416pt x 845.08372pt.
File: pdfs/guideBLAST.pdf Graphic file (type pdf)
<use pdfs/guideBLAST.pdf, page 1>
Package pdftex.def Info: pdfs/guideBLAST.pdf , page1 used on input line 1792.
(pdftex.def)             Requested size: 597.53416pt x 845.08372pt.

[104 <./pdfs/guideBLAST.pdf>]
Package atveryend Info: Empty hook `BeforeClearDocument' on input line 1795.
Package atveryend Info: Empty hook `AfterLastShipout' on input line 1795.
 (./guias.aux
LaTeX Info: Redefining \. on input line 24.
LaTeX Info: Redefining \% on input line 24.
)
Package atveryend Info: Executing hook `AtVeryEndDocument' on input line 1795.
Package atveryend Info: Executing hook `AtEndAfterFileList' on input line 1795.

Package rerunfilecheck Info: File `guias.out' has not changed.
(rerunfilecheck)             Checksum: DC7AA143C071A1F524253A12E5E6C1EC;5912.
Package atveryend Info: Empty hook `AtVeryVeryEnd' on input line 1795.
 ) 
Here is how much of TeX's memory you used:
 10328 strings out of 481239
 156693 string characters out of 5920377
 453281 words of memory out of 5000000
 25044 multiletter control sequences out of 15000+600000
 546183 words of font info for 71 fonts, out of 8000000 for 9000
 1141 hyphenation exceptions out of 8191
 46i,18n,47p,1577b,661s stack positions out of 5000i,500n,10000p,200000b,80000s
{/usr/share/texlive/texmf-dist/fonts/enc/dvips/base/8r.enc}{/usr/share/texmf/
fonts/enc/dvips/cm-super/cm-super-ts1.enc}</usr/share/texlive/texmf-dist/fonts/
type1/public/amsfonts/cm/cmbx10.pfb></usr/share/texlive/texmf-dist/fonts/type1/
public/amsfonts/cm/cmbx12.pfb></usr/share/texlive/texmf-dist/fonts/type1/public
/amsfonts/cm/cmcsc10.pfb></usr/share/texlive/texmf-dist/fonts/type1/public/amsf
onts/cm/cmmi10.pfb></usr/share/texlive/texmf-dist/fonts/type1/public/amsfonts/c
m/cmmi12.pfb></usr/share/texlive/texmf-dist/fonts/type1/public/amsfonts/cm/cmmi
8.pfb></usr/share/texlive/texmf-dist/fonts/type1/public/amsfonts/cm/cmr10.pfb><
/usr/share/texlive/texmf-dist/fonts/type1/public/amsfonts/cm/cmr12.pfb></usr/sh
are/texlive/texmf-dist/fonts/type1/public/amsfonts/cm/cmr17.pfb></usr/share/tex
live/texmf-dist/fonts/type1/public/amsfonts/cm/cmr6.pfb></usr/share/texlive/tex
mf-dist/fonts/type1/public/amsfonts/cm/cmr8.pfb></usr/share/texlive/texmf-dist/
fonts/type1/public/amsfonts/cm/cmr9.pfb></usr/share/texlive/texmf-dist/fonts/ty
pe1/public/amsfonts/cm/cmsy10.pfb></usr/share/texlive/texmf-dist/fonts/type1/pu
blic/amsfonts/cm/cmsy8.pfb></usr/share/texlive/texmf-dist/fonts/type1/public/am
sfonts/cm/cmti10.pfb></usr/share/texlive/texmf-dist/fonts/type1/public/amsfonts
/cm/cmti9.pfb></usr/share/texmf/fonts/type1/public/cm-super/sfrm1095.pfb></usr/
share/texlive/texmf-dist/fonts/type1/urw/courier/ucrb8a.pfb></usr/share/texlive
/texmf-dist/fonts/type1/urw/courier/ucrr8a.pfb>
Output written on guias.pdf (104 pages, 8780646 bytes).
PDF statistics:
 1566 PDF objects out of 1728 (max. 8388607)
 1343 compressed objects within 14 object streams
 318 named destinations out of 1000 (max. 500000)
 880 words of extra memory for PDF output out of 10000 (max. 10000000)

