This is TeX, Version 3.141592 (Web2C 7.5.4) (format=tex 2011.4.30)  31 AUG 2011 13:06
**infwarerr.dtx
(./infwarerr.dtx (/sw/share/texmf-dist/tex/latex/base/docstrip.tex
\blockLevel=\count26
\emptyLines=\count27
\processedLines=\count28
\commentsRemoved=\count29
\commentsPassed=\count30
\codeLinesPassed=\count31
\TotalprocessedLines=\count32
\TotalcommentsRemoved=\count33
\TotalcommentsPassed=\count34
\TotalcodeLinesPassed=\count35
\NumberOfFiles=\count36
\inFile=\read0
\inputcheck=\read1
\@tempcnta=\count37
\off@0=\count38
\off@1=\count39
\off@2=\count40
\off@3=\count41
\off@4=\count42
\off@5=\count43
\off@6=\count44
\off@7=\count45
\off@8=\count46
\off@9=\count47
\off@10=\count48
\off@11=\count49
\off@12=\count50
\off@13=\count51
\off@14=\count52
\off@15=\count53
\@temptokena=\toks12
\@maxfiles=\count54
\@maxoutfiles=\count55

Utility: `docstrip' 2.5c <2003/09/18>
English documentation    <1999/03/31>

**********************************************************
* This program converts documented macro-files into fast *
* loadable files by stripping off (nearly) all comments! *
**********************************************************

********************************************************
* No Configuration file found, using default settings. *
********************************************************

)
************************************************************************
* Installation
* Package: infwarerr 2010/04/08 v1.3 Providing info/warning/message (HO)
************************************************************************

Generating file(s) infwarerr.ins infwarerr.drv infwarerr.sty infwarerr-test1.te
x infwarerr-test2.tex infwarerr-test3.tex 
\openout0 = `infwarerr.ins'.

\openout1 = `infwarerr.drv'.

\openout2 = `infwarerr.sty'.

\openout3 = `infwarerr-test1.tex'.

\openout4 = `infwarerr-test2.tex'.

\openout5 = `infwarerr-test3.tex'.


Processing file infwarerr.dtx (install) -> infwarerr.ins
                              (driver) -> infwarerr.drv
                              (package) -> infwarerr.sty
                              (test1) -> infwarerr-test1.tex
                              (test2) -> infwarerr-test2.tex
                              (test3) -> infwarerr-test3.tex
File infwarerr.dtx ended by \endinput.
Lines  processed: 1197
Comments removed: 517
Comments  passed: 0
Codelines passed: 655

************************************************************************
*
* To finish the installation you have to move the following
* file into a directory searched by TeX:
*
*     infwarerr.sty
*
* To produce the documentation run the file `infwarerr.drv'
* through LaTeX.
*
* Happy TeXing!
*
************************************************************************
 )
No pages of output.
